<?xml version="1.0" encoding="UTF-8"?>
<testng-results skipped="0" failed="0" ignored="0" total="13" passed="13">
  <reporter-output>
  </reporter-output>
  <suite name="Default suite" duration-ms="255812" started-at="2018-12-12T20:32:00Z" finished-at="2018-12-12T20:36:15Z">
    <groups>
    </groups>
    <test name="Default test" duration-ms="255812" started-at="2018-12-12T20:32:00Z" finished-at="2018-12-12T20:36:15Z">
      <class name="com.crm.qa.testcases.HomePageTest">
        <test-method status="PASS" signature="setUp()[pri:0, instance:com.crm.qa.testcases.HomePageTest@25bbe1b6]" name="setUp" is-config="true" duration-ms="10999" started-at="2018-12-12T21:32:26Z" finished-at="2018-12-12T21:32:37Z">
          <reporter-output>
          </reporter-output>
        </test-method> <!-- setUp -->
        <test-method status="PASS" signature="verifyHomePageTitleTest()[pri:1, instance:com.crm.qa.testcases.HomePageTest@25bbe1b6]" name="verifyHomePageTitleTest" duration-ms="8" started-at="2018-12-12T21:32:37Z" finished-at="2018-12-12T21:32:37Z">
          <reporter-output>
          </reporter-output>
        </test-method> <!-- verifyHomePageTitleTest -->
        <test-method status="PASS" signature="tearDown()[pri:0, instance:com.crm.qa.testcases.HomePageTest@25bbe1b6]" name="tearDown" is-config="true" duration-ms="97" started-at="2018-12-12T21:32:37Z" finished-at="2018-12-12T21:32:37Z">
          <reporter-output>
          </reporter-output>
        </test-method> <!-- tearDown -->
        <test-method status="PASS" signature="setUp()[pri:0, instance:com.crm.qa.testcases.HomePageTest@25bbe1b6]" name="setUp" is-config="true" duration-ms="9714" started-at="2018-12-12T21:33:11Z" finished-at="2018-12-12T21:33:20Z">
          <reporter-output>
          </reporter-output>
        </test-method> <!-- setUp -->
        <test-method status="PASS" signature="verifyUserNameTest()[pri:2, instance:com.crm.qa.testcases.HomePageTest@25bbe1b6]" name="verifyUserNameTest" duration-ms="87" started-at="2018-12-12T21:33:20Z" finished-at="2018-12-12T21:33:20Z">
          <reporter-output>
          </reporter-output>
        </test-method> <!-- verifyUserNameTest -->
        <test-method status="PASS" signature="tearDown()[pri:0, instance:com.crm.qa.testcases.HomePageTest@25bbe1b6]" name="tearDown" is-config="true" duration-ms="143" started-at="2018-12-12T21:33:20Z" finished-at="2018-12-12T21:33:21Z">
          <reporter-output>
          </reporter-output>
        </test-method> <!-- tearDown -->
        <test-method status="PASS" signature="setUp()[pri:0, instance:com.crm.qa.testcases.HomePageTest@25bbe1b6]" name="setUp" is-config="true" duration-ms="9707" started-at="2018-12-12T21:33:54Z" finished-at="2018-12-12T21:34:04Z">
          <reporter-output>
          </reporter-output>
        </test-method> <!-- setUp -->
        <test-method status="PASS" signature="verifyContactsLinkTest()[pri:3, instance:com.crm.qa.testcases.HomePageTest@25bbe1b6]" name="verifyContactsLinkTest" duration-ms="1186" started-at="2018-12-12T21:34:04Z" finished-at="2018-12-12T21:34:05Z">
          <reporter-output>
          </reporter-output>
        </test-method> <!-- verifyContactsLinkTest -->
        <test-method status="PASS" signature="tearDown()[pri:0, instance:com.crm.qa.testcases.HomePageTest@25bbe1b6]" name="tearDown" is-config="true" duration-ms="135" started-at="2018-12-12T21:34:05Z" finished-at="2018-12-12T21:34:05Z">
          <reporter-output>
          </reporter-output>
        </test-method> <!-- tearDown -->
      </class> <!-- com.crm.qa.testcases.HomePageTest -->
      <class name="com.crm.qa.testcases.ContactsPageTest">
        <test-method status="PASS" signature="setUp()[pri:0, instance:com.crm.qa.testcases.ContactsPageTest@5702b3b1]" name="setUp" is-config="true" duration-ms="26510" started-at="2018-12-12T21:32:44Z" finished-at="2018-12-12T21:33:10Z">
          <reporter-output>
          </reporter-output>
        </test-method> <!-- setUp -->
        <test-method status="PASS" signature="verifyContactsPageLabel()[pri:1, instance:com.crm.qa.testcases.ContactsPageTest@5702b3b1]" name="verifyContactsPageLabel" duration-ms="38" started-at="2018-12-12T21:33:10Z" finished-at="2018-12-12T21:33:10Z">
          <reporter-output>
          </reporter-output>
        </test-method> <!-- verifyContactsPageLabel -->
        <test-method status="PASS" signature="tearDown()[pri:0, instance:com.crm.qa.testcases.ContactsPageTest@5702b3b1]" name="tearDown" is-config="true" duration-ms="141" started-at="2018-12-12T21:33:10Z" finished-at="2018-12-12T21:33:11Z">
          <reporter-output>
          </reporter-output>
        </test-method> <!-- tearDown -->
        <test-method status="PASS" signature="setUp()[pri:0, instance:com.crm.qa.testcases.ContactsPageTest@5702b3b1]" name="setUp" is-config="true" duration-ms="26442" started-at="2018-12-12T21:33:27Z" finished-at="2018-12-12T21:33:54Z">
          <reporter-output>
          </reporter-output>
        </test-method> <!-- setUp -->
        <test-method status="PASS" signature="selectSingleContactsTest()[pri:2, instance:com.crm.qa.testcases.ContactsPageTest@5702b3b1]" name="selectSingleContactsTest" duration-ms="109" started-at="2018-12-12T21:33:54Z" finished-at="2018-12-12T21:33:54Z">
          <reporter-output>
          </reporter-output>
        </test-method> <!-- selectSingleContactsTest -->
        <test-method status="PASS" signature="tearDown()[pri:0, instance:com.crm.qa.testcases.ContactsPageTest@5702b3b1]" name="tearDown" is-config="true" duration-ms="138" started-at="2018-12-12T21:33:54Z" finished-at="2018-12-12T21:33:54Z">
          <reporter-output>
          </reporter-output>
        </test-method> <!-- tearDown -->
        <test-method status="PASS" signature="setUp()[pri:0, instance:com.crm.qa.testcases.ContactsPageTest@5702b3b1]" name="setUp" is-config="true" duration-ms="26187" started-at="2018-12-12T21:34:15Z" finished-at="2018-12-12T21:34:41Z">
          <reporter-output>
          </reporter-output>
        </test-method> <!-- setUp -->
        <test-method status="PASS" signature="selectMultipleContactsTest()[pri:3, instance:com.crm.qa.testcases.ContactsPageTest@5702b3b1]" name="selectMultipleContactsTest" duration-ms="225" started-at="2018-12-12T21:34:41Z" finished-at="2018-12-12T21:34:42Z">
          <reporter-output>
          </reporter-output>
        </test-method> <!-- selectMultipleContactsTest -->
        <test-method status="PASS" signature="tearDown()[pri:0, instance:com.crm.qa.testcases.ContactsPageTest@5702b3b1]" name="tearDown" is-config="true" duration-ms="144" started-at="2018-12-12T21:34:42Z" finished-at="2018-12-12T21:34:42Z">
          <reporter-output>
          </reporter-output>
        </test-method> <!-- tearDown -->
        <test-method status="PASS" signature="setUp()[pri:0, instance:com.crm.qa.testcases.ContactsPageTest@5702b3b1]" name="setUp" is-config="true" duration-ms="26498" started-at="2018-12-12T21:34:43Z" finished-at="2018-12-12T21:35:09Z">
          <reporter-output>
          </reporter-output>
        </test-method> <!-- setUp -->
        <test-method status="PASS" signature="validateCreateNewContact(java.lang.String, java.lang.String, java.lang.String, java.lang.String)[pri:4, instance:com.crm.qa.testcases.ContactsPageTest@5702b3b1]" name="validateCreateNewContact" duration-ms="4443" started-at="2018-12-12T21:35:09Z" data-provider="getCRMTestData" finished-at="2018-12-12T21:35:13Z">
          <params>
            <param index="0">
              <value>
                <![CDATA[Mr.]]>
              </value>
            </param>
            <param index="1">
              <value>
                <![CDATA[Tom]]>
              </value>
            </param>
            <param index="2">
              <value>
                <![CDATA[Peter]]>
              </value>
            </param>
            <param index="3">
              <value>
                <![CDATA[Google]]>
              </value>
            </param>
          </params>
          <reporter-output>
          </reporter-output>
        </test-method> <!-- validateCreateNewContact -->
        <test-method status="PASS" signature="tearDown()[pri:0, instance:com.crm.qa.testcases.ContactsPageTest@5702b3b1]" name="tearDown" is-config="true" duration-ms="141" started-at="2018-12-12T21:35:13Z" finished-at="2018-12-12T21:35:14Z">
          <reporter-output>
          </reporter-output>
        </test-method> <!-- tearDown -->
        <test-method status="PASS" signature="setUp()[pri:0, instance:com.crm.qa.testcases.ContactsPageTest@5702b3b1]" name="setUp" is-config="true" duration-ms="26155" started-at="2018-12-12T21:35:14Z" finished-at="2018-12-12T21:35:40Z">
          <reporter-output>
          </reporter-output>
        </test-method> <!-- setUp -->
        <test-method status="PASS" signature="validateCreateNewContact(java.lang.String, java.lang.String, java.lang.String, java.lang.String)[pri:4, instance:com.crm.qa.testcases.ContactsPageTest@5702b3b1]" name="validateCreateNewContact" duration-ms="4102" started-at="2018-12-12T21:35:40Z" data-provider="getCRMTestData" finished-at="2018-12-12T21:35:44Z">
          <params>
            <param index="0">
              <value>
                <![CDATA[Dr.]]>
              </value>
            </param>
            <param index="1">
              <value>
                <![CDATA[David]]>
              </value>
            </param>
            <param index="2">
              <value>
                <![CDATA[Cris]]>
              </value>
            </param>
            <param index="3">
              <value>
                <![CDATA[Amazon]]>
              </value>
            </param>
          </params>
          <reporter-output>
          </reporter-output>
        </test-method> <!-- validateCreateNewContact -->
        <test-method status="PASS" signature="tearDown()[pri:0, instance:com.crm.qa.testcases.ContactsPageTest@5702b3b1]" name="tearDown" is-config="true" duration-ms="116" started-at="2018-12-12T21:35:44Z" finished-at="2018-12-12T21:35:44Z">
          <reporter-output>
          </reporter-output>
        </test-method> <!-- tearDown -->
        <test-method status="PASS" signature="setUp()[pri:0, instance:com.crm.qa.testcases.ContactsPageTest@5702b3b1]" name="setUp" is-config="true" duration-ms="27370" started-at="2018-12-12T21:35:44Z" finished-at="2018-12-12T21:36:11Z">
          <reporter-output>
          </reporter-output>
        </test-method> <!-- setUp -->
        <test-method status="PASS" signature="validateCreateNewContact(java.lang.String, java.lang.String, java.lang.String, java.lang.String)[pri:4, instance:com.crm.qa.testcases.ContactsPageTest@5702b3b1]" name="validateCreateNewContact" duration-ms="3979" started-at="2018-12-12T21:36:11Z" data-provider="getCRMTestData" finished-at="2018-12-12T21:36:15Z">
          <params>
            <param index="0">
              <value>
                <![CDATA[Mrs.]]>
              </value>
            </param>
            <param index="1">
              <value>
                <![CDATA[Mukta]]>
              </value>
            </param>
            <param index="2">
              <value>
                <![CDATA[Sharma]]>
              </value>
            </param>
            <param index="3">
              <value>
                <![CDATA[Ebay]]>
              </value>
            </param>
          </params>
          <reporter-output>
          </reporter-output>
        </test-method> <!-- validateCreateNewContact -->
        <test-method status="PASS" signature="tearDown()[pri:0, instance:com.crm.qa.testcases.ContactsPageTest@5702b3b1]" name="tearDown" is-config="true" duration-ms="138" started-at="2018-12-12T21:36:15Z" finished-at="2018-12-12T21:36:15Z">
          <reporter-output>
          </reporter-output>
        </test-method> <!-- tearDown -->
      </class> <!-- com.crm.qa.testcases.ContactsPageTest -->
      <class name="com.crm.qa.testcases.FreeCrmTest">
        <test-method status="PASS" signature="setUp()[pri:0, instance:com.crm.qa.testcases.FreeCrmTest@69ea3742]" name="setUp" is-config="true" duration-ms="6525" started-at="2018-12-12T21:32:00Z" finished-at="2018-12-12T21:32:06Z">
          <reporter-output>
          </reporter-output>
        </test-method> <!-- setUp -->
        <test-method status="PASS" signature="freeCrmTitleTest()[pri:0, instance:com.crm.qa.testcases.FreeCrmTest@69ea3742]" name="freeCrmTitleTest" duration-ms="20177" started-at="2018-12-12T21:32:06Z" finished-at="2018-12-12T21:32:26Z">
          <reporter-output>
          </reporter-output>
        </test-method> <!-- freeCrmTitleTest -->
      </class> <!-- com.crm.qa.testcases.FreeCrmTest -->
      <class name="com.crm.qa.testcases.LoginPageTest">
        <test-method status="PASS" signature="setUp()[pri:0, instance:com.crm.qa.testcases.LoginPageTest@4b952a2d]" name="setUp" is-config="true" duration-ms="6354" started-at="2018-12-12T21:32:37Z" finished-at="2018-12-12T21:32:44Z">
          <reporter-output>
          </reporter-output>
        </test-method> <!-- setUp -->
        <test-method status="PASS" signature="loginPageTitleTest()[pri:1, instance:com.crm.qa.testcases.LoginPageTest@4b952a2d]" name="loginPageTitleTest" duration-ms="10" started-at="2018-12-12T21:32:44Z" finished-at="2018-12-12T21:32:44Z">
          <reporter-output>
          </reporter-output>
        </test-method> <!-- loginPageTitleTest -->
        <test-method status="PASS" signature="tearDown()[pri:0, instance:com.crm.qa.testcases.LoginPageTest@4b952a2d]" name="tearDown" is-config="true" duration-ms="94" started-at="2018-12-12T21:32:44Z" finished-at="2018-12-12T21:32:44Z">
          <reporter-output>
          </reporter-output>
        </test-method> <!-- tearDown -->
        <test-method status="PASS" signature="setUp()[pri:0, instance:com.crm.qa.testcases.LoginPageTest@4b952a2d]" name="setUp" is-config="true" duration-ms="6393" started-at="2018-12-12T21:33:21Z" finished-at="2018-12-12T21:33:27Z">
          <reporter-output>
          </reporter-output>
        </test-method> <!-- setUp -->
        <test-method status="PASS" signature="crmLogoImageTest()[pri:2, instance:com.crm.qa.testcases.LoginPageTest@4b952a2d]" name="crmLogoImageTest" duration-ms="45" started-at="2018-12-12T21:33:27Z" finished-at="2018-12-12T21:33:27Z">
          <reporter-output>
          </reporter-output>
        </test-method> <!-- crmLogoImageTest -->
        <test-method status="PASS" signature="tearDown()[pri:0, instance:com.crm.qa.testcases.LoginPageTest@4b952a2d]" name="tearDown" is-config="true" duration-ms="134" started-at="2018-12-12T21:33:27Z" finished-at="2018-12-12T21:33:27Z">
          <reporter-output>
          </reporter-output>
        </test-method> <!-- tearDown -->
        <test-method status="PASS" signature="setUp()[pri:0, instance:com.crm.qa.testcases.LoginPageTest@4b952a2d]" name="setUp" is-config="true" duration-ms="6300" started-at="2018-12-12T21:34:05Z" finished-at="2018-12-12T21:34:11Z">
          <reporter-output>
          </reporter-output>
        </test-method> <!-- setUp -->
        <test-method status="PASS" signature="loginTest()[pri:3, instance:com.crm.qa.testcases.LoginPageTest@4b952a2d]" name="loginTest" duration-ms="3950" started-at="2018-12-12T21:34:11Z" finished-at="2018-12-12T21:34:15Z">
          <reporter-output>
          </reporter-output>
        </test-method> <!-- loginTest -->
        <test-method status="PASS" signature="tearDown()[pri:0, instance:com.crm.qa.testcases.LoginPageTest@4b952a2d]" name="tearDown" is-config="true" duration-ms="101" started-at="2018-12-12T21:34:15Z" finished-at="2018-12-12T21:34:15Z">
          <reporter-output>
          </reporter-output>
        </test-method> <!-- tearDown -->
      </class> <!-- com.crm.qa.testcases.LoginPageTest -->
    </test> <!-- Default test -->
  </suite> <!-- Default suite -->
</testng-results>
